ðŸ” Active Azure subscription: 46aaa014-8207-4d58-9878-ebf020f8bb54

 Applying foundations (network, NSGs)...
[0m[1mInitializing the backend...[0m
[0m[1mInitializing provider plugins...[0m
- Reusing previous version of hashicorp/null from the dependency lock file
- Reusing previous version of hashicorp/azurerm from the dependency lock file
- Using previously-installed hashicorp/null v3.2.4
- Using previously-installed hashicorp/azurerm v3.117.1

[0m[1m[32mTerraform has been successfully initialized![0m[32m[0m
[0m[32m
You may now begin working with Terraform. Try running "terraform plan" to see
any changes that are required for your infrastructure. All Terraform commands
should now work.

If you ever set or change modules or backend configuration for Terraform,
rerun this command to reinitialize your working directory. If you forget, other
commands will detect it and remind you to do so if necessary.[0m
[0m[1mazurerm_resource_group.main: Refreshing state... [id=/subscriptions/46aaa014-8207-4d58-9878-ebf020f8bb54/resourceGroups/cert-renewal-demo-rg][0m
[0m[1mazurerm_public_ip.jump: Refreshing state... [id=/subscriptions/46aaa014-8207-4d58-9878-ebf020f8bb54/resourceGroups/cert-renewal-demo-rg/providers/Microsoft.Network/publicIPAddresses/jump-host-ip][0m
[0m[1mazurerm_virtual_network.main: Refreshing state... [id=/subscriptions/46aaa014-8207-4d58-9878-ebf020f8bb54/resourceGroups/cert-renewal-demo-rg/providers/Microsoft.Network/virtualNetworks/cert-net][0m
[0m[1mazurerm_network_security_group.jump: Refreshing state... [id=/subscriptions/46aaa014-8207-4d58-9878-ebf020f8bb54/resourceGroups/cert-renewal-demo-rg/providers/Microsoft.Network/networkSecurityGroups/jump-host-nsg][0m
[0m[1mazurerm_network_security_group.linux: Refreshing state... [id=/subscriptions/46aaa014-8207-4d58-9878-ebf020f8bb54/resourceGroups/cert-renewal-demo-rg/providers/Microsoft.Network/networkSecurityGroups/linux-vm-nsg][0m
[0m[1mazurerm_network_security_group.windows: Refreshing state... [id=/subscriptions/46aaa014-8207-4d58-9878-ebf020f8bb54/resourceGroups/cert-renewal-demo-rg/providers/Microsoft.Network/networkSecurityGroups/windows-vm-nsg][0m
[0m[1mazurerm_subnet.main: Refreshing state... [id=/subscriptions/46aaa014-8207-4d58-9878-ebf020f8bb54/resourceGroups/cert-renewal-demo-rg/providers/Microsoft.Network/virtualNetworks/cert-net/subnets/cert-subnet][0m
[0m[1mazurerm_network_interface.jump: Refreshing state... [id=/subscriptions/46aaa014-8207-4d58-9878-ebf020f8bb54/resourceGroups/cert-renewal-demo-rg/providers/Microsoft.Network/networkInterfaces/jump-host-nic][0m
[0m[1mazurerm_network_interface_security_group_association.jump: Refreshing state... [id=/subscriptions/46aaa014-8207-4d58-9878-ebf020f8bb54/resourceGroups/cert-renewal-demo-rg/providers/Microsoft.Network/networkInterfaces/jump-host-nic|/subscriptions/46aaa014-8207-4d58-9878-ebf020f8bb54/resourceGroups/cert-renewal-demo-rg/providers/Microsoft.Network/networkSecurityGroups/jump-host-nsg][0m
[0m[1mazurerm_linux_virtual_machine.jump: Refreshing state... [id=/subscriptions/46aaa014-8207-4d58-9878-ebf020f8bb54/resourceGroups/cert-renewal-demo-rg/providers/Microsoft.Compute/virtualMachines/jump-host][0m
[0m[1mnull_resource.install_ansible_on_jump: Refreshing state... [id=5108705161351019369][0m

[0m[1m[32mNo changes.[0m[1m Your infrastructure matches the configuration.[0m

[0mTerraform has compared your real infrastructure against your configuration
and found no differences, so no changes are needed.
[0m[1m[32m
Apply complete! Resources: 0 added, 0 changed, 0 destroyed.
[0m[0m[1m[32m
Outputs:

[0mjump_host_ip = "20.255.76.155"
linux_nsg_id = "/subscriptions/46aaa014-8207-4d58-9878-ebf020f8bb54/resourceGroups/cert-renewal-demo-rg/providers/Microsoft.Network/networkSecurityGroups/linux-vm-nsg"
subnet_id = "/subscriptions/46aaa014-8207-4d58-9878-ebf020f8bb54/resourceGroups/cert-renewal-demo-rg/providers/Microsoft.Network/virtualNetworks/cert-net/subnets/cert-subnet"
windows_nsg_id = "/subscriptions/46aaa014-8207-4d58-9878-ebf020f8bb54/resourceGroups/cert-renewal-demo-rg/providers/Microsoft.Network/networkSecurityGroups/windows-vm-nsg"

 Applying VM layer...
[0m[1mInitializing the backend...[0m
[0m[1mInitializing modules...[0m
[0m[1mInitializing provider plugins...[0m
- Reusing previous version of hashicorp/azurerm from the dependency lock file
- Using previously-installed hashicorp/azurerm v3.117.1

[0m[1m[32mTerraform has been successfully initialized![0m[32m[0m
[0m[32m
You may now begin working with Terraform. Try running "terraform plan" to see
any changes that are required for your infrastructure. All Terraform commands
should now work.

If you ever set or change modules or backend configuration for Terraform,
rerun this command to reinitialize your working directory. If you forget, other
commands will detect it and remind you to do so if necessary.[0m
[0m[1mmodule.aap.azurerm_network_interface.nic: Refreshing state... [id=/subscriptions/46aaa014-8207-4d58-9878-ebf020f8bb54/resourceGroups/cert-renewal-demo-rg/providers/Microsoft.Network/networkInterfaces/aap-nic][0m
[0m[1mmodule.ad_pki.azurerm_network_interface.nic: Refreshing state... [id=/subscriptions/46aaa014-8207-4d58-9878-ebf020f8bb54/resourceGroups/cert-renewal-demo-rg/providers/Microsoft.Network/networkInterfaces/ad-pki-nic][0m
[0m[1mmodule.win_web.azurerm_network_interface.nic: Refreshing state... [id=/subscriptions/46aaa014-8207-4d58-9878-ebf020f8bb54/resourceGroups/cert-renewal-demo-rg/providers/Microsoft.Network/networkInterfaces/win-web-nic][0m
[0m[1mmodule.rhel_web.azurerm_network_interface.nic: Refreshing state... [id=/subscriptions/46aaa014-8207-4d58-9878-ebf020f8bb54/resourceGroups/cert-renewal-demo-rg/providers/Microsoft.Network/networkInterfaces/rhel-web-nic][0m
[0m[1mmodule.ad_pki.azurerm_network_interface_security_group_association.nic_nsg: Refreshing state... [id=/subscriptions/46aaa014-8207-4d58-9878-ebf020f8bb54/resourceGroups/cert-renewal-demo-rg/providers/Microsoft.Network/networkInterfaces/ad-pki-nic|/subscriptions/46aaa014-8207-4d58-9878-ebf020f8bb54/resourceGroups/cert-renewal-demo-rg/providers/Microsoft.Network/networkSecurityGroups/windows-vm-nsg][0m
[0m[1mmodule.win_web.azurerm_network_interface_security_group_association.nic_nsg: Refreshing state... [id=/subscriptions/46aaa014-8207-4d58-9878-ebf020f8bb54/resourceGroups/cert-renewal-demo-rg/providers/Microsoft.Network/networkInterfaces/win-web-nic|/subscriptions/46aaa014-8207-4d58-9878-ebf020f8bb54/resourceGroups/cert-renewal-demo-rg/providers/Microsoft.Network/networkSecurityGroups/windows-vm-nsg][0m
[0m[1mmodule.win_web.azurerm_windows_virtual_machine.vm: Refreshing state... [id=/subscriptions/46aaa014-8207-4d58-9878-ebf020f8bb54/resourceGroups/cert-renewal-demo-rg/providers/Microsoft.Compute/virtualMachines/win-web][0m
[0m[1mmodule.ad_pki.azurerm_windows_virtual_machine.vm: Refreshing state... [id=/subscriptions/46aaa014-8207-4d58-9878-ebf020f8bb54/resourceGroups/cert-renewal-demo-rg/providers/Microsoft.Compute/virtualMachines/ad-pki][0m
[0m[1mmodule.rhel_web.azurerm_network_interface_security_group_association.nic_nsg: Refreshing state... [id=/subscriptions/46aaa014-8207-4d58-9878-ebf020f8bb54/resourceGroups/cert-renewal-demo-rg/providers/Microsoft.Network/networkInterfaces/rhel-web-nic|/subscriptions/46aaa014-8207-4d58-9878-ebf020f8bb54/resourceGroups/cert-renewal-demo-rg/providers/Microsoft.Network/networkSecurityGroups/linux-vm-nsg][0m
[0m[1mmodule.rhel_web.azurerm_linux_virtual_machine.vm: Refreshing state... [id=/subscriptions/46aaa014-8207-4d58-9878-ebf020f8bb54/resourceGroups/cert-renewal-demo-rg/providers/Microsoft.Compute/virtualMachines/rhel-web][0m
[0m[1mmodule.aap.azurerm_network_interface_security_group_association.nic_nsg: Refreshing state... [id=/subscriptions/46aaa014-8207-4d58-9878-ebf020f8bb54/resourceGroups/cert-renewal-demo-rg/providers/Microsoft.Network/networkInterfaces/aap-nic|/subscriptions/46aaa014-8207-4d58-9878-ebf020f8bb54/resourceGroups/cert-renewal-demo-rg/providers/Microsoft.Network/networkSecurityGroups/linux-vm-nsg][0m
[0m[1mmodule.aap.azurerm_linux_virtual_machine.vm: Refreshing state... [id=/subscriptions/46aaa014-8207-4d58-9878-ebf020f8bb54/resourceGroups/cert-renewal-demo-rg/providers/Microsoft.Compute/virtualMachines/aap][0m

Terraform used the selected providers to generate the following execution
plan. Resource actions are indicated with the following symbols:
  [33m~[0m update in-place[0m

Terraform will perform the following actions:

[1m  # module.ad_pki.azurerm_windows_virtual_machine.vm[0m will be updated in-place
[0m  [33m~[0m[0m resource "azurerm_windows_virtual_machine" "vm" {
        id                                                     = "/subscriptions/46aaa014-8207-4d58-9878-ebf020f8bb54/resourceGroups/cert-renewal-demo-rg/providers/Microsoft.Compute/virtualMachines/ad-pki"
        name                                                   = "ad-pki"
        tags                                                   = {
            "environment" = "demo"
            "managed_by"  = "terraform"
            "role"        = "ad-pki"
        }
      [33m~[0m[0m vm_agent_platform_updates_enabled                      = true [33m->[0m[0m false
        [90m# (41 unchanged attributes hidden)[0m[0m

        [90m# (2 unchanged blocks hidden)[0m[0m
    }

[1m  # module.win_web.azurerm_windows_virtual_machine.vm[0m will be updated in-place
[0m  [33m~[0m[0m resource "azurerm_windows_virtual_machine" "vm" {
        id                                                     = "/subscriptions/46aaa014-8207-4d58-9878-ebf020f8bb54/resourceGroups/cert-renewal-demo-rg/providers/Microsoft.Compute/virtualMachines/win-web"
        name                                                   = "win-web"
        tags                                                   = {
            "environment" = "demo"
            "managed_by"  = "terraform"
            "role"        = "win-web"
        }
      [33m~[0m[0m vm_agent_platform_updates_enabled                      = true [33m->[0m[0m false
        [90m# (41 unchanged attributes hidden)[0m[0m

        [90m# (2 unchanged blocks hidden)[0m[0m
    }

[1mPlan:[0m 0 to add, 2 to change, 0 to destroy.
[0m[0m[1mmodule.ad_pki.azurerm_windows_virtual_machine.vm: Modifying... [id=/subscriptions/46aaa014-8207-4d58-9878-ebf020f8bb54/resourceGroups/cert-renewal-demo-rg/providers/Microsoft.Compute/virtualMachines/ad-pki][0m[0m
[0m[1mmodule.win_web.azurerm_windows_virtual_machine.vm: Modifying... [id=/subscriptions/46aaa014-8207-4d58-9878-ebf020f8bb54/resourceGroups/cert-renewal-demo-rg/providers/Microsoft.Compute/virtualMachines/win-web][0m[0m
[0m[1mmodule.ad_pki.azurerm_windows_virtual_machine.vm: Still modifying... [id=/subscriptions/46aaa014-8207-4d58-9878-...crosoft.Compute/virtualMachines/ad-pki, 00m10s elapsed][0m[0m
[0m[1mmodule.win_web.azurerm_windows_virtual_machine.vm: Still modifying... [id=/subscriptions/46aaa014-8207-4d58-9878-...rosoft.Compute/virtualMachines/win-web, 00m10s elapsed][0m[0m
[0m[1mmodule.win_web.azurerm_windows_virtual_machine.vm: Modifications complete after 16s [id=/subscriptions/46aaa014-8207-4d58-9878-ebf020f8bb54/resourceGroups/cert-renewal-demo-rg/providers/Microsoft.Compute/virtualMachines/win-web][0m
[0m[1mmodule.ad_pki.azurerm_windows_virtual_machine.vm: Modifications complete after 17s [id=/subscriptions/46aaa014-8207-4d58-9878-ebf020f8bb54/resourceGroups/cert-renewal-demo-rg/providers/Microsoft.Compute/virtualMachines/ad-pki][0m
[0m[1m[32m
Apply complete! Resources: 0 added, 2 changed, 0 destroyed.
[0m[0m[1m[32m
Outputs:

[0maap_private_ip = "10.0.1.12"
aap_vm_id = "/subscriptions/46aaa014-8207-4d58-9878-ebf020f8bb54/resourceGroups/cert-renewal-demo-rg/providers/Microsoft.Compute/virtualMachines/aap"
ad_pki_private_ip = "10.0.1.14"
ad_pki_vm_id = "/subscriptions/46aaa014-8207-4d58-9878-ebf020f8bb54/resourceGroups/cert-renewal-demo-rg/providers/Microsoft.Compute/virtualMachines/ad-pki"
rhel_web_private_ip = "10.0.1.11"
rhel_web_vm_id = "/subscriptions/46aaa014-8207-4d58-9878-ebf020f8bb54/resourceGroups/cert-renewal-demo-rg/providers/Microsoft.Compute/virtualMachines/rhel-web"
win_web_private_ip = "10.0.1.13"
win_web_vm_id = "/subscriptions/46aaa014-8207-4d58-9878-ebf020f8bb54/resourceGroups/cert-renewal-demo-rg/providers/Microsoft.Compute/virtualMachines/win-web"

 Demo environment deployment complete.

 Running post-provisioning automation with Ansible...
[WARNING]: Could not match supplied host pattern, ignoring: jump

PLAY [Post-Provisioning Automation on Jump Host] *******************************
skipping: no hosts matched

PLAY [Configure Jump Host] *****************************************************

TASK [Gathering Facts] *********************************************************
ok: [20.255.76.155]

TASK [Update all packages on the Jump Host] ************************************
ok: [20.255.76.155]

TASK [Install Git if not already present] **************************************
changed: [20.255.76.155]

TASK [Confirm Jump Host prereqs are installed] *********************************
ok: [20.255.76.155] => {
    "msg": "Jump Host updated and Git installed."
}

PLAY [Upload AAP Disconnected Installer to Jump Host] **************************
skipping: no hosts matched

PLAY [Clone Ansible Demo Repository onto Jump Host] ****************************
skipping: no hosts matched

PLAY RECAP *********************************************************************
20.255.76.155              : ok=4    changed=1    unreachable=0    failed=0    skipped=0    rescued=0    ignored=0   

Post-provisioning completed successfully.
